  Photon2.cpp
C:\Users\AT241\source\repos\Photon2\Photon2\Photon2.cpp(103,60): warning C4267: аргумент: преобразование из "size_t" в "unsigned int"; возможна потеря данных
C:\Users\AT241\source\repos\Photon2\Photon2\Photon2.cpp(103,61): warning C4267: аргумент: преобразование из "size_t" в "unsigned int"; возможна потеря данных
C:\Users\AT241\source\repos\Photon2\Photon2\Photon2.cpp(115,43): warning C4267: аргумент: преобразование из "size_t" в "unsigned int"; возможна потеря данных
C:\Users\AT241\source\repos\Photon2\Photon2\Photon2.cpp(115,80): warning C4267: аргумент: преобразование из "size_t" в "unsigned int"; возможна потеря данных
C:\Users\AT241\source\repos\Photon2\Photon2\Photon2.cpp(115,119): warning C4267: аргумент: преобразование из "size_t" в "unsigned int"; возможна потеря данных
C:\Users\AT241\source\repos\Photon2\Photon2\Photon2.cpp(115,131): warning C4244: аргумент: преобразование "double" в "char", возможна потеря данных
C:\Users\AT241\source\repos\Photon2\Photon2\Photon2.cpp(115,93): warning C4244: аргумент: преобразование "double" в "char", возможна потеря данных
C:\Users\AT241\source\repos\Photon2\Photon2\Photon2.cpp(115,54): warning C4244: аргумент: преобразование "double" в "char", возможна потеря данных
C:\Users\AT241\source\repos\Photon2\Photon2\Photon2.cpp(116,38): warning C4267: аргумент: преобразование из "size_t" в "unsigned int"; возможна потеря данных
C:\Users\AT241\source\repos\Photon2\Photon2\Photon2.cpp(134,73): warning C4244: аргумент: преобразование "double" в "size_t", возможна потеря данных
C:\Users\AT241\source\repos\Photon2\Photon2\Photon2.cpp(134,55): warning C4244: аргумент: преобразование "double" в "size_t", возможна потеря данных
C:\Users\AT241\source\repos\Photon2\Photon2\Photon2.cpp(174,35): warning C4267: аргумент: преобразование из "size_t" в "unsigned int"; возможна потеря данных
C:\Users\AT241\source\repos\Photon2\Photon2\Photon2.cpp(186,32): warning C4267: =: преобразование из "size_t" в "int32_t"; возможна потеря данных
C:\Users\AT241\source\repos\Photon2\Photon2\Photon2.cpp(187,34): warning C4267: =: преобразование из "size_t" в "int32_t"; возможна потеря данных
C:\Users\AT241\source\repos\Photon2\Photon2\Photon2.cpp(220,37): warning C4267: аргумент: преобразование из "size_t" в "unsigned int"; возможна потеря данных
  Создание кода
  4 of 358 functions ( 1.1%) were compiled, the rest were copied from previous compilation.
    0 functions were new in current compilation
    2 functions had inline decision re-evaluated but remain unchanged
  Создание кода завершено
  Photon2.vcxproj -> C:\Users\AT241\source\repos\Photon2\x64\Release\Photon2.exe
